{"/Users/natalie.robinson/projects/team2-project/team2-frontend/src/app.ts": {"path":"/Users/natalie.robinson/projects/team2-project/team2-frontend/src/app.ts","statementMap":{"0":{"start":{"line":11,"column":6},"end":{"line":11,"column":null}},"1":{"start":{"line":12,"column":23},"end":{"line":12,"column":null}},"2":{"start":{"line":13,"column":23},"end":{"line":13,"column":null}},"3":{"start":{"line":15,"column":0},"end":{"line":15,"column":null}},"4":{"start":{"line":16,"column":0},"end":{"line":16,"column":null}},"5":{"start":{"line":17,"column":0},"end":{"line":17,"column":null}},"6":{"start":{"line":18,"column":0},"end":{"line":18,"column":null}},"7":{"start":{"line":19,"column":0},"end":{"line":19,"column":null}},"8":{"start":{"line":21,"column":0},"end":{"line":23,"column":null}},"9":{"start":{"line":22,"column":1},"end":{"line":22,"column":null}},"10":{"start":{"line":25,"column":18},"end":{"line":25,"column":null}},"11":{"start":{"line":27,"column":6},"end":{"line":36,"column":null}},"12":{"start":{"line":32,"column":1},"end":{"line":35,"column":null}},"13":{"start":{"line":38,"column":0},"end":{"line":41,"column":null}},"14":{"start":{"line":42,"column":0},"end":{"line":42,"column":null}},"15":{"start":{"line":44,"column":0},"end":{"line":46,"column":null}},"16":{"start":{"line":45,"column":1},"end":{"line":45,"column":null}},"17":{"start":{"line":48,"column":0},"end":{"line":48,"column":null}},"18":{"start":{"line":49,"column":0},"end":{"line":49,"column":null}},"19":{"start":{"line":51,"column":0},"end":{"line":51,"column":null}},"20":{"start":{"line":52,"column":0},"end":{"line":52,"column":null}},"21":{"start":{"line":54,"column":0},"end":{"line":59,"column":null}},"22":{"start":{"line":55,"column":1},"end":{"line":58,"column":null}},"23":{"start":{"line":61,"column":0},"end":{"line":67,"column":null}},"24":{"start":{"line":62,"column":1},"end":{"line":66,"column":null}},"25":{"start":{"line":69,"column":0},"end":{"line":83,"column":null}},"26":{"start":{"line":70,"column":1},"end":{"line":72,"column":null}},"27":{"start":{"line":74,"column":1},"end":{"line":76,"column":null}},"28":{"start":{"line":75,"column":2},"end":{"line":75,"column":null}},"29":{"start":{"line":78,"column":1},"end":{"line":82,"column":null}}},"fnMap":{"0":{"name":"(anonymous_0)","decl":{"start":{"line":21,"column":8},"end":{"line":21,"column":24}},"loc":{"start":{"line":21,"column":38},"end":{"line":23,"column":1}},"line":21},"1":{"name":"(anonymous_1)","decl":{"start":{"line":27,"column":6},"end":{"line":27,"column":null}},"loc":{"start":{"line":31,"column":5},"end":{"line":36,"column":null}},"line":31},"2":{"name":"(anonymous_2)","decl":{"start":{"line":44,"column":8},"end":{"line":44,"column":14}},"loc":{"start":{"line":44,"column":28},"end":{"line":46,"column":1}},"line":44},"3":{"name":"(anonymous_3)","decl":{"start":{"line":54,"column":8},"end":{"line":54,"column":20}},"loc":{"start":{"line":54,"column":34},"end":{"line":59,"column":1}},"line":54},"4":{"name":"(anonymous_4)","decl":{"start":{"line":61,"column":4},"end":{"line":61,"column":9}},"loc":{"start":{"line":61,"column":42},"end":{"line":67,"column":1}},"line":61},"5":{"name":"(anonymous_5)","decl":{"start":{"line":69,"column":4},"end":{"line":69,"column":9}},"loc":{"start":{"line":69,"column":79},"end":{"line":83,"column":1}},"line":69}},"branchMap":{"0":{"loc":{"start":{"line":71,"column":9},"end":{"line":71,"column":null}},"type":"cond-expr","locations":[{"start":{"line":71,"column":34},"end":{"line":71,"column":50}},{"start":{"line":71,"column":50},"end":{"line":71,"column":null}}],"line":71},"1":{"loc":{"start":{"line":74,"column":1},"end":{"line":76,"column":null}},"type":"if","locations":[{"start":{"line":74,"column":1},"end":{"line":76,"column":null}},{"start":{},"end":{}}],"line":74}},"s":{"0":1,"1":1,"2":1,"3":1,"4":1,"5":1,"6":1,"7":1,"8":1,"9":1,"10":1,"11":1,"12":2,"13":1,"14":1,"15":1,"16":1,"17":1,"18":1,"19":1,"20":1,"21":1,"22":2,"23":1,"24":1,"25":1,"26":2,"27":2,"28":1,"29":1},"f":{"0":1,"1":2,"2":1,"3":2,"4":1,"5":2},"b":{"0":[2,0],"1":[1,1]},"meta":{"lastBranch":2,"lastFunction":6,"lastStatement":30,"seen":{"s:11:6:11:Infinity":0,"s:12:23:12:Infinity":1,"s:13:23:13:Infinity":2,"s:15:0:15:Infinity":3,"s:16:0:16:Infinity":4,"s:17:0:17:Infinity":5,"s:18:0:18:Infinity":6,"s:19:0:19:Infinity":7,"s:21:0:23:Infinity":8,"f:21:8:21:24":0,"s:22:1:22:Infinity":9,"s:25:18:25:Infinity":10,"s:27:6:36:Infinity":11,"f:27:6:27:Infinity":1,"s:32:1:35:Infinity":12,"s:38:0:41:Infinity":13,"s:42:0:42:Infinity":14,"s:44:0:46:Infinity":15,"f:44:8:44:14":2,"s:45:1:45:Infinity":16,"s:48:0:48:Infinity":17,"s:49:0:49:Infinity":18,"s:51:0:51:Infinity":19,"s:52:0:52:Infinity":20,"s:54:0:59:Infinity":21,"f:54:8:54:20":3,"s:55:1:58:Infinity":22,"s:61:0:67:Infinity":23,"f:61:4:61:9":4,"s:62:1:66:Infinity":24,"s:69:0:83:Infinity":25,"f:69:4:69:9":5,"s:70:1:72:Infinity":26,"b:71:34:71:50:71:50:71:Infinity":0,"b:74:1:76:Infinity:undefined:undefined:undefined:undefined":1,"s:74:1:76:Infinity":27,"s:75:2:75:Infinity":28,"s:78:1:82:Infinity":29},"fnNames":{}}}
,"/Users/natalie.robinson/projects/team2-project/team2-frontend/src/auth/redirect-target.ts": {"path":"/Users/natalie.robinson/projects/team2-project/team2-frontend/src/auth/redirect-target.ts","statementMap":{"0":{"start":{"line":1,"column":39},"end":{"line":1,"column":null}},"1":{"start":{"line":3,"column":25},"end":{"line":3,"column":null}},"2":{"start":{"line":5,"column":6},"end":{"line":7,"column":null}},"3":{"start":{"line":6,"column":1},"end":{"line":7,"column":null}},"4":{"start":{"line":7,"column":35},"end":{"line":7,"column":59}},"5":{"start":{"line":9,"column":13},"end":{"line":10,"column":null}},"6":{"start":{"line":10,"column":1},"end":{"line":10,"column":null}},"7":{"start":{"line":12,"column":13},"end":{"line":15,"column":null}},"8":{"start":{"line":13,"column":32},"end":{"line":13,"column":null}},"9":{"start":{"line":14,"column":1},"end":{"line":14,"column":null}}},"fnMap":{"0":{"name":"(anonymous_0)","decl":{"start":{"line":5,"column":6},"end":{"line":5,"column":33}},"loc":{"start":{"line":6,"column":1},"end":{"line":7,"column":null}},"line":6},"1":{"name":"(anonymous_1)","decl":{"start":{"line":7,"column":18},"end":{"line":7,"column":24}},"loc":{"start":{"line":7,"column":35},"end":{"line":7,"column":59}},"line":7},"2":{"name":"(anonymous_2)","decl":{"start":{"line":9,"column":13},"end":{"line":9,"column":41}},"loc":{"start":{"line":10,"column":1},"end":{"line":10,"column":null}},"line":10},"3":{"name":"(anonymous_3)","decl":{"start":{"line":12,"column":13},"end":{"line":12,"column":38}},"loc":{"start":{"line":12,"column":75},"end":{"line":15,"column":null}},"line":12}},"branchMap":{"0":{"loc":{"start":{"line":6,"column":1},"end":{"line":7,"column":null}},"type":"binary-expr","locations":[{"start":{"line":6,"column":1},"end":{"line":6,"column":null}},{"start":{"line":7,"column":1},"end":{"line":7,"column":null}}],"line":6},"1":{"loc":{"start":{"line":10,"column":1},"end":{"line":10,"column":null}},"type":"cond-expr","locations":[{"start":{"line":10,"column":34},"end":{"line":10,"column":42}},{"start":{"line":10,"column":42},"end":{"line":10,"column":null}}],"line":10},"2":{"loc":{"start":{"line":14,"column":8},"end":{"line":14,"column":null}},"type":"binary-expr","locations":[{"start":{"line":14,"column":8},"end":{"line":14,"column":34}},{"start":{"line":14,"column":34},"end":{"line":14,"column":null}}],"line":14}},"s":{"0":5,"1":5,"2":5,"3":9,"4":6,"5":5,"6":9,"7":5,"8":5,"9":5},"f":{"0":9,"1":6,"2":9,"3":5},"b":{"0":[9,6],"1":[4,5],"2":[5,3]},"meta":{"lastBranch":3,"lastFunction":4,"lastStatement":10,"seen":{"s:1:39:1:Infinity":0,"s:3:25:3:Infinity":1,"s:5:6:7:Infinity":2,"f:5:6:5:33":0,"s:6:1:7:Infinity":3,"b:6:1:6:Infinity:7:1:7:Infinity":0,"f:7:18:7:24":1,"s:7:35:7:59":4,"s:9:13:10:Infinity":5,"f:9:13:9:41":2,"s:10:1:10:Infinity":6,"b:10:34:10:42:10:42:10:Infinity":1,"s:12:13:15:Infinity":7,"f:12:13:12:38":3,"s:13:32:13:Infinity":8,"s:14:1:14:Infinity":9,"b:14:8:14:34:14:34:14:Infinity":2},"fnNames":{}}}
,"/Users/natalie.robinson/projects/team2-project/team2-frontend/src/controllers/application-controller.ts": {"path":"/Users/natalie.robinson/projects/team2-project/team2-frontend/src/controllers/application-controller.ts","statementMap":{"0":{"start":{"line":12,"column":16},"end":{"line":40,"column":null}},"1":{"start":{"line":42,"column":16},"end":{"line":74,"column":null}},"2":{"start":{"line":76,"column":13},"end":{"line":122,"column":null}},"3":{"start":{"line":124,"column":23},"end":{"line":134,"column":null}},"4":{"start":{"line":8,"column":19},"end":{"line":8,"column":null}},"5":{"start":{"line":9,"column":19},"end":{"line":9,"column":null}},"6":{"start":{"line":13,"column":8},"end":{"line":13,"column":null}},"7":{"start":{"line":15,"column":2},"end":{"line":17,"column":null}},"8":{"start":{"line":16,"column":3},"end":{"line":16,"column":null}},"9":{"start":{"line":19,"column":17},"end":{"line":19,"column":null}},"10":{"start":{"line":21,"column":2},"end":{"line":39,"column":null}},"11":{"start":{"line":22,"column":19},"end":{"line":22,"column":null}},"12":{"start":{"line":24,"column":3},"end":{"line":30,"column":null}},"13":{"start":{"line":25,"column":4},"end":{"line":29,"column":null}},"14":{"start":{"line":32,"column":3},"end":{"line":32,"column":null}},"15":{"start":{"line":34,"column":3},"end":{"line":38,"column":null}},"16":{"start":{"line":43,"column":8},"end":{"line":43,"column":null}},"17":{"start":{"line":45,"column":2},"end":{"line":47,"column":null}},"18":{"start":{"line":46,"column":3},"end":{"line":46,"column":null}},"19":{"start":{"line":49,"column":17},"end":{"line":49,"column":null}},"20":{"start":{"line":50,"column":36},"end":{"line":50,"column":null}},"21":{"start":{"line":55,"column":2},"end":{"line":59,"column":null}},"22":{"start":{"line":56,"column":3},"end":{"line":58,"column":null}},"23":{"start":{"line":61,"column":2},"end":{"line":73,"column":null}},"24":{"start":{"line":62,"column":29},"end":{"line":66,"column":null}},"25":{"start":{"line":68,"column":3},"end":{"line":68,"column":null}},"26":{"start":{"line":70,"column":3},"end":{"line":72,"column":null}},"27":{"start":{"line":77,"column":8},"end":{"line":77,"column":null}},"28":{"start":{"line":79,"column":2},"end":{"line":81,"column":null}},"29":{"start":{"line":80,"column":3},"end":{"line":80,"column":null}},"30":{"start":{"line":83,"column":17},"end":{"line":83,"column":null}},"31":{"start":{"line":84,"column":20},"end":{"line":84,"column":null}},"32":{"start":{"line":86,"column":2},"end":{"line":99,"column":null}},"33":{"start":{"line":87,"column":3},"end":{"line":98,"column":null}},"34":{"start":{"line":88,"column":20},"end":{"line":88,"column":null}},"35":{"start":{"line":89,"column":4},"end":{"line":92,"column":null}},"36":{"start":{"line":94,"column":4},"end":{"line":97,"column":null}},"37":{"start":{"line":101,"column":2},"end":{"line":121,"column":null}},"38":{"start":{"line":102,"column":3},"end":{"line":105,"column":null}},"39":{"start":{"line":107,"column":3},"end":{"line":107,"column":null}},"40":{"start":{"line":109,"column":3},"end":{"line":120,"column":null}},"41":{"start":{"line":110,"column":20},"end":{"line":110,"column":null}},"42":{"start":{"line":111,"column":4},"end":{"line":114,"column":null}},"43":{"start":{"line":116,"column":4},"end":{"line":119,"column":null}},"44":{"start":{"line":125,"column":17},"end":{"line":125,"column":null}},"45":{"start":{"line":127,"column":2},"end":{"line":133,"column":null}},"46":{"start":{"line":128,"column":19},"end":{"line":128,"column":null}},"47":{"start":{"line":130,"column":3},"end":{"line":130,"column":null}},"48":{"start":{"line":132,"column":3},"end":{"line":132,"column":null}}},"fnMap":{"0":{"name":"constructor","decl":{"start":{"line":7,"column":1},"end":{"line":7,"column":null}},"loc":{"start":{"line":10,"column":3},"end":{"line":10,"column":null}},"line":10},"1":{"name":"(anonymous_1)","decl":{"start":{"line":12,"column":16},"end":{"line":12,"column":23}},"loc":{"start":{"line":12,"column":55},"end":{"line":40,"column":null}},"line":12},"2":{"name":"(anonymous_2)","decl":{"start":{"line":42,"column":16},"end":{"line":42,"column":23}},"loc":{"start":{"line":42,"column":55},"end":{"line":74,"column":null}},"line":42},"3":{"name":"(anonymous_3)","decl":{"start":{"line":76,"column":13},"end":{"line":76,"column":20}},"loc":{"start":{"line":76,"column":52},"end":{"line":122,"column":null}},"line":76},"4":{"name":"(anonymous_4)","decl":{"start":{"line":124,"column":23},"end":{"line":124,"column":30}},"loc":{"start":{"line":124,"column":62},"end":{"line":134,"column":null}},"line":124}},"branchMap":{"0":{"loc":{"start":{"line":15,"column":2},"end":{"line":17,"column":null}},"type":"if","locations":[{"start":{"line":15,"column":2},"end":{"line":17,"column":null}},{"start":{},"end":{}}],"line":15},"1":{"loc":{"start":{"line":15,"column":6},"end":{"line":15,"column":38}},"type":"binary-expr","locations":[{"start":{"line":15,"column":6},"end":{"line":15,"column":15}},{"start":{"line":15,"column":15},"end":{"line":15,"column":38}}],"line":15},"2":{"loc":{"start":{"line":24,"column":3},"end":{"line":30,"column":null}},"type":"if","locations":[{"start":{"line":24,"column":3},"end":{"line":30,"column":null}},{"start":{},"end":{}}],"line":24},"3":{"loc":{"start":{"line":45,"column":2},"end":{"line":47,"column":null}},"type":"if","locations":[{"start":{"line":45,"column":2},"end":{"line":47,"column":null}},{"start":{},"end":{}}],"line":45},"4":{"loc":{"start":{"line":45,"column":6},"end":{"line":45,"column":38}},"type":"binary-expr","locations":[{"start":{"line":45,"column":6},"end":{"line":45,"column":15}},{"start":{"line":45,"column":15},"end":{"line":45,"column":38}}],"line":45},"5":{"loc":{"start":{"line":55,"column":2},"end":{"line":59,"column":null}},"type":"if","locations":[{"start":{"line":55,"column":2},"end":{"line":59,"column":null}},{"start":{},"end":{}}],"line":55},"6":{"loc":{"start":{"line":55,"column":6},"end":{"line":55,"column":33}},"type":"binary-expr","locations":[{"start":{"line":55,"column":6},"end":{"line":55,"column":19}},{"start":{"line":55,"column":19},"end":{"line":55,"column":33}}],"line":55},"7":{"loc":{"start":{"line":79,"column":2},"end":{"line":81,"column":null}},"type":"if","locations":[{"start":{"line":79,"column":2},"end":{"line":81,"column":null}},{"start":{},"end":{}}],"line":79},"8":{"loc":{"start":{"line":79,"column":6},"end":{"line":79,"column":38}},"type":"binary-expr","locations":[{"start":{"line":79,"column":6},"end":{"line":79,"column":15}},{"start":{"line":79,"column":15},"end":{"line":79,"column":38}}],"line":79},"9":{"loc":{"start":{"line":86,"column":2},"end":{"line":99,"column":null}},"type":"if","locations":[{"start":{"line":86,"column":2},"end":{"line":99,"column":null}},{"start":{},"end":{}}],"line":86},"10":{"loc":{"start":{"line":86,"column":6},"end":{"line":86,"column":43}},"type":"binary-expr","locations":[{"start":{"line":86,"column":6},"end":{"line":86,"column":16}},{"start":{"line":86,"column":16},"end":{"line":86,"column":43}}],"line":86}},"s":{"0":5,"1":4,"2":6,"3":2,"4":18,"5":18,"6":5,"7":5,"8":2,"9":3,"10":3,"11":3,"12":2,"13":1,"14":1,"15":1,"16":4,"17":4,"18":1,"19":3,"20":3,"21":3,"22":1,"23":2,"24":2,"25":1,"26":1,"27":6,"28":6,"29":1,"30":5,"31":5,"32":5,"33":2,"34":2,"35":1,"36":1,"37":3,"38":3,"39":1,"40":2,"41":2,"42":1,"43":1,"44":2,"45":2,"46":2,"47":1,"48":1},"f":{"0":18,"1":5,"2":4,"3":6,"4":2},"b":{"0":[2,3],"1":[5,4],"2":[1,1],"3":[1,3],"4":[4,3],"5":[1,2],"6":[3,2],"7":[1,5],"8":[6,5],"9":[2,3],"10":[5,4]},"meta":{"lastBranch":11,"lastFunction":5,"lastStatement":49,"seen":{"s:12:16:40:Infinity":0,"s:42:16:74:Infinity":1,"s:76:13:122:Infinity":2,"s:124:23:134:Infinity":3,"f:7:1:7:Infinity":0,"s:8:19:8:Infinity":4,"s:9:19:9:Infinity":5,"f:12:16:12:23":1,"s:13:8:13:Infinity":6,"b:15:2:17:Infinity:undefined:undefined:undefined:undefined":0,"s:15:2:17:Infinity":7,"b:15:6:15:15:15:15:15:38":1,"s:16:3:16:Infinity":8,"s:19:17:19:Infinity":9,"s:21:2:39:Infinity":10,"s:22:19:22:Infinity":11,"b:24:3:30:Infinity:undefined:undefined:undefined:undefined":2,"s:24:3:30:Infinity":12,"s:25:4:29:Infinity":13,"s:32:3:32:Infinity":14,"s:34:3:38:Infinity":15,"f:42:16:42:23":2,"s:43:8:43:Infinity":16,"b:45:2:47:Infinity:undefined:undefined:undefined:undefined":3,"s:45:2:47:Infinity":17,"b:45:6:45:15:45:15:45:38":4,"s:46:3:46:Infinity":18,"s:49:17:49:Infinity":19,"s:50:36:50:Infinity":20,"b:55:2:59:Infinity:undefined:undefined:undefined:undefined":5,"s:55:2:59:Infinity":21,"b:55:6:55:19:55:19:55:33":6,"s:56:3:58:Infinity":22,"s:61:2:73:Infinity":23,"s:62:29:66:Infinity":24,"s:68:3:68:Infinity":25,"s:70:3:72:Infinity":26,"f:76:13:76:20":3,"s:77:8:77:Infinity":27,"b:79:2:81:Infinity:undefined:undefined:undefined:undefined":7,"s:79:2:81:Infinity":28,"b:79:6:79:15:79:15:79:38":8,"s:80:3:80:Infinity":29,"s:83:17:83:Infinity":30,"s:84:20:84:Infinity":31,"b:86:2:99:Infinity:undefined:undefined:undefined:undefined":9,"s:86:2:99:Infinity":32,"b:86:6:86:16:86:16:86:43":10,"s:87:3:98:Infinity":33,"s:88:20:88:Infinity":34,"s:89:4:92:Infinity":35,"s:94:4:97:Infinity":36,"s:101:2:121:Infinity":37,"s:102:3:105:Infinity":38,"s:107:3:107:Infinity":39,"s:109:3:120:Infinity":40,"s:110:20:110:Infinity":41,"s:111:4:114:Infinity":42,"s:116:4:119:Infinity":43,"f:124:23:124:30":4,"s:125:17:125:Infinity":44,"s:127:2:133:Infinity":45,"s:128:19:128:Infinity":46,"s:130:3:130:Infinity":47,"s:132:3:132:Infinity":48},"fnNames":{}}}
,"/Users/natalie.robinson/projects/team2-project/team2-frontend/src/controllers/job-role-controller.ts": {"path":"/Users/natalie.robinson/projects/team2-project/team2-frontend/src/controllers/job-role-controller.ts","statementMap":{"0":{"start":{"line":12,"column":19},"end":{"line":24,"column":null}},"1":{"start":{"line":26,"column":24},"end":{"line":54,"column":null}},"2":{"start":{"line":9,"column":2},"end":{"line":9,"column":null}},"3":{"start":{"line":13,"column":2},"end":{"line":23,"column":null}},"4":{"start":{"line":14,"column":20},"end":{"line":14,"column":null}},"5":{"start":{"line":16,"column":3},"end":{"line":18,"column":null}},"6":{"start":{"line":20,"column":3},"end":{"line":22,"column":null}},"7":{"start":{"line":27,"column":8},"end":{"line":27,"column":null}},"8":{"start":{"line":28,"column":22},"end":{"line":28,"column":null}},"9":{"start":{"line":30,"column":2},"end":{"line":53,"column":null}},"10":{"start":{"line":31,"column":19},"end":{"line":31,"column":null}},"11":{"start":{"line":33,"column":3},"end":{"line":40,"column":null}},"12":{"start":{"line":34,"column":4},"end":{"line":38,"column":null}},"13":{"start":{"line":39,"column":4},"end":{"line":39,"column":null}},"14":{"start":{"line":42,"column":3},"end":{"line":46,"column":null}},"15":{"start":{"line":48,"column":3},"end":{"line":52,"column":null}}},"fnMap":{"0":{"name":"constructor","decl":{"start":{"line":8,"column":1},"end":{"line":8,"column":13}},"loc":{"start":{"line":8,"column":45},"end":{"line":10,"column":null}},"line":8},"1":{"name":"(anonymous_1)","decl":{"start":{"line":12,"column":19},"end":{"line":12,"column":26}},"loc":{"start":{"line":12,"column":59},"end":{"line":24,"column":null}},"line":12},"2":{"name":"(anonymous_2)","decl":{"start":{"line":26,"column":24},"end":{"line":26,"column":31}},"loc":{"start":{"line":26,"column":63},"end":{"line":54,"column":null}},"line":26}},"branchMap":{"0":{"loc":{"start":{"line":28,"column":22},"end":{"line":28,"column":null}},"type":"binary-expr","locations":[{"start":{"line":28,"column":22},"end":{"line":28,"column":39}},{"start":{"line":28,"column":39},"end":{"line":28,"column":null}}],"line":28},"1":{"loc":{"start":{"line":33,"column":3},"end":{"line":40,"column":null}},"type":"if","locations":[{"start":{"line":33,"column":3},"end":{"line":40,"column":null}},{"start":{},"end":{}}],"line":33}},"s":{"0":10,"1":2,"2":1,"3":10,"4":10,"5":9,"6":1,"7":2,"8":2,"9":2,"10":2,"11":2,"12":1,"13":1,"14":1,"15":0},"f":{"0":1,"1":10,"2":2},"b":{"0":[2,0],"1":[1,1]},"meta":{"lastBranch":2,"lastFunction":3,"lastStatement":16,"seen":{"s:12:19:24:Infinity":0,"s:26:24:54:Infinity":1,"f:8:1:8:13":0,"s:9:2:9:Infinity":2,"f:12:19:12:26":1,"s:13:2:23:Infinity":3,"s:14:20:14:Infinity":4,"s:16:3:18:Infinity":5,"s:20:3:22:Infinity":6,"f:26:24:26:31":2,"s:27:8:27:Infinity":7,"s:28:22:28:Infinity":8,"b:28:22:28:39:28:39:28:Infinity":0,"s:30:2:53:Infinity":9,"s:31:19:31:Infinity":10,"b:33:3:40:Infinity:undefined:undefined:undefined:undefined":1,"s:33:3:40:Infinity":11,"s:34:4:38:Infinity":12,"s:39:4:39:Infinity":13,"s:42:3:46:Infinity":14,"s:48:3:52:Infinity":15},"fnNames":{}}}
,"/Users/natalie.robinson/projects/team2-project/team2-frontend/src/controllers/login-controller.ts": {"path":"/Users/natalie.robinson/projects/team2-project/team2-frontend/src/controllers/login-controller.ts","statementMap":{"0":{"start":{"line":6,"column":36},"end":{"line":6,"column":null}},"1":{"start":{"line":7,"column":35},"end":{"line":7,"column":null}},"2":{"start":{"line":16,"column":1},"end":{"line":23,"column":null}},"3":{"start":{"line":25,"column":13},"end":{"line":67,"column":null}},"4":{"start":{"line":69,"column":14},"end":{"line":81,"column":null}},"5":{"start":{"line":13,"column":2},"end":{"line":13,"column":null}},"6":{"start":{"line":17,"column":2},"end":{"line":22,"column":null}},"7":{"start":{"line":26,"column":8},"end":{"line":26,"column":null}},"8":{"start":{"line":28,"column":2},"end":{"line":34,"column":null}},"9":{"start":{"line":29,"column":3},"end":{"line":33,"column":null}},"10":{"start":{"line":36,"column":16},"end":{"line":36,"column":null}},"11":{"start":{"line":38,"column":2},"end":{"line":66,"column":null}},"12":{"start":{"line":39,"column":23},"end":{"line":41,"column":null}},"13":{"start":{"line":43,"column":3},"end":{"line":50,"column":null}},"14":{"start":{"line":44,"column":4},"end":{"line":49,"column":null}},"15":{"start":{"line":53,"column":3},"end":{"line":56,"column":null}},"16":{"start":{"line":58,"column":9},"end":{"line":60,"column":null}},"17":{"start":{"line":61,"column":3},"end":{"line":61,"column":null}},"18":{"start":{"line":63,"column":3},"end":{"line":63,"column":null}},"19":{"start":{"line":65,"column":3},"end":{"line":65,"column":null}},"20":{"start":{"line":70,"column":2},"end":{"line":80,"column":null}},"21":{"start":{"line":71,"column":3},"end":{"line":71,"column":null}},"22":{"start":{"line":73,"column":3},"end":{"line":76,"column":null}},"23":{"start":{"line":78,"column":3},"end":{"line":78,"column":null}},"24":{"start":{"line":79,"column":3},"end":{"line":79,"column":null}}},"fnMap":{"0":{"name":"constructor","decl":{"start":{"line":12,"column":1},"end":{"line":12,"column":13}},"loc":{"start":{"line":12,"column":39},"end":{"line":14,"column":null}},"line":12},"1":{"name":"(anonymous_1)","decl":{"start":{"line":16,"column":1},"end":{"line":16,"column":17}},"loc":{"start":{"line":16,"column":49},"end":{"line":23,"column":null}},"line":16},"2":{"name":"(anonymous_2)","decl":{"start":{"line":25,"column":13},"end":{"line":25,"column":20}},"loc":{"start":{"line":25,"column":72},"end":{"line":67,"column":null}},"line":25},"3":{"name":"(anonymous_3)","decl":{"start":{"line":69,"column":14},"end":{"line":69,"column":21}},"loc":{"start":{"line":69,"column":54},"end":{"line":81,"column":null}},"line":69}},"branchMap":{"0":{"loc":{"start":{"line":28,"column":2},"end":{"line":34,"column":null}},"type":"if","locations":[{"start":{"line":28,"column":2},"end":{"line":34,"column":null}},{"start":{},"end":{}}],"line":28},"1":{"loc":{"start":{"line":43,"column":3},"end":{"line":50,"column":null}},"type":"if","locations":[{"start":{"line":43,"column":3},"end":{"line":50,"column":null}},{"start":{},"end":{}}],"line":43},"2":{"loc":{"start":{"line":75,"column":11},"end":{"line":75,"column":null}},"type":"cond-expr","locations":[{"start":{"line":75,"column":36},"end":{"line":75,"column":52}},{"start":{"line":75,"column":52},"end":{"line":75,"column":null}}],"line":75}},"s":{"0":4,"1":4,"2":2,"3":11,"4":3,"5":9,"6":2,"7":11,"8":11,"9":2,"10":9,"11":9,"12":9,"13":7,"14":2,"15":5,"16":5,"17":11,"18":11,"19":2,"20":3,"21":3,"22":2,"23":3,"24":3},"f":{"0":9,"1":2,"2":11,"3":3},"b":{"0":[2,9],"1":[2,5],"2":[2,0]},"meta":{"lastBranch":3,"lastFunction":4,"lastStatement":25,"seen":{"s:6:36:6:Infinity":0,"s:7:35:7:Infinity":1,"s:16:1:23:Infinity":2,"s:25:13:67:Infinity":3,"s:69:14:81:Infinity":4,"f:12:1:12:13":0,"s:13:2:13:Infinity":5,"f:16:1:16:17":1,"s:17:2:22:Infinity":6,"f:25:13:25:20":2,"s:26:8:26:Infinity":7,"b:28:2:34:Infinity:undefined:undefined:undefined:undefined":0,"s:28:2:34:Infinity":8,"s:29:3:33:Infinity":9,"s:36:16:36:Infinity":10,"s:38:2:66:Infinity":11,"s:39:23:41:Infinity":12,"b:43:3:50:Infinity:undefined:undefined:undefined:undefined":1,"s:43:3:50:Infinity":13,"s:44:4:49:Infinity":14,"s:53:3:56:Infinity":15,"s:58:9:60:Infinity":16,"s:61:3:61:Infinity":17,"s:63:3:63:Infinity":18,"s:65:3:65:Infinity":19,"f:69:14:69:21":3,"s:70:2:80:Infinity":20,"s:71:3:71:Infinity":21,"s:73:3:76:Infinity":22,"b:75:36:75:52:75:52:75:Infinity":2,"s:78:3:78:Infinity":23,"s:79:3:79:Infinity":24},"fnNames":{}}}
,"/Users/natalie.robinson/projects/team2-project/team2-frontend/src/controllers/registration-controller.ts": {"path":"/Users/natalie.robinson/projects/team2-project/team2-frontend/src/controllers/registration-controller.ts","statementMap":{"0":{"start":{"line":11,"column":1},"end":{"line":13,"column":null}},"1":{"start":{"line":15,"column":16},"end":{"line":39,"column":null}},"2":{"start":{"line":9,"column":30},"end":{"line":9,"column":60}},"3":{"start":{"line":12,"column":2},"end":{"line":12,"column":null}},"4":{"start":{"line":16,"column":16},"end":{"line":16,"column":null}},"5":{"start":{"line":18,"column":2},"end":{"line":24,"column":null}},"6":{"start":{"line":19,"column":3},"end":{"line":21,"column":null}},"7":{"start":{"line":23,"column":3},"end":{"line":23,"column":null}},"8":{"start":{"line":26,"column":2},"end":{"line":38,"column":null}},"9":{"start":{"line":27,"column":3},"end":{"line":31,"column":null}},"10":{"start":{"line":33,"column":3},"end":{"line":33,"column":null}},"11":{"start":{"line":35,"column":3},"end":{"line":37,"column":null}},"12":{"start":{"line":44,"column":2},"end":{"line":47,"column":null}}},"fnMap":{"0":{"name":"constructor","decl":{"start":{"line":9,"column":1},"end":{"line":9,"column":13}},"loc":{"start":{"line":9,"column":60},"end":{"line":9,"column":null}},"line":9},"1":{"name":"(anonymous_1)","decl":{"start":{"line":11,"column":1},"end":{"line":11,"column":20}},"loc":{"start":{"line":11,"column":53},"end":{"line":13,"column":null}},"line":11},"2":{"name":"(anonymous_2)","decl":{"start":{"line":15,"column":16},"end":{"line":15,"column":23}},"loc":{"start":{"line":15,"column":55},"end":{"line":39,"column":null}},"line":15},"3":{"name":"getValues","decl":{"start":{"line":41,"column":1},"end":{"line":41,"column":9}},"loc":{"start":{"line":43,"column":36},"end":{"line":48,"column":null}},"line":43}},"branchMap":{"0":{"loc":{"start":{"line":18,"column":2},"end":{"line":24,"column":null}},"type":"if","locations":[{"start":{"line":18,"column":2},"end":{"line":24,"column":null}},{"start":{},"end":{}}],"line":18},"1":{"loc":{"start":{"line":45,"column":13},"end":{"line":45,"column":null}},"type":"binary-expr","locations":[{"start":{"line":45,"column":13},"end":{"line":45,"column":38}},{"start":{"line":45,"column":38},"end":{"line":45,"column":null}}],"line":45},"2":{"loc":{"start":{"line":46,"column":10},"end":{"line":46,"column":null}},"type":"binary-expr","locations":[{"start":{"line":46,"column":10},"end":{"line":46,"column":32}},{"start":{"line":46,"column":32},"end":{"line":46,"column":null}}],"line":46}},"s":{"0":2,"1":4,"2":1,"3":2,"4":4,"5":4,"6":2,"7":2,"8":2,"9":2,"10":1,"11":1,"12":3},"f":{"0":1,"1":2,"2":4,"3":3},"b":{"0":[2,2],"1":[3,1],"2":[3,1]},"meta":{"lastBranch":3,"lastFunction":4,"lastStatement":13,"seen":{"s:11:1:13:Infinity":0,"s:15:16:39:Infinity":1,"f:9:1:9:13":0,"s:9:30:9:60":2,"f:11:1:11:20":1,"s:12:2:12:Infinity":3,"f:15:16:15:23":2,"s:16:16:16:Infinity":4,"b:18:2:24:Infinity:undefined:undefined:undefined:undefined":0,"s:18:2:24:Infinity":5,"s:19:3:21:Infinity":6,"s:23:3:23:Infinity":7,"s:26:2:38:Infinity":8,"s:27:3:31:Infinity":9,"s:33:3:33:Infinity":10,"s:35:3:37:Infinity":11,"f:41:1:41:9":3,"s:44:2:47:Infinity":12,"b:45:13:45:38:45:38:45:Infinity":1,"b:46:10:46:32:46:32:46:Infinity":2},"fnNames":{}}}
,"/Users/natalie.robinson/projects/team2-project/team2-frontend/src/dto/registrationDto.ts": {"path":"/Users/natalie.robinson/projects/team2-project/team2-frontend/src/dto/registrationDto.ts","statementMap":{"0":{"start":{"line":3,"column":30},"end":{"line":3,"column":null}},"1":{"start":{"line":5,"column":34},"end":{"line":25,"column":null}},"2":{"start":{"line":22,"column":20},"end":{"line":22,"column":62}}},"fnMap":{"0":{"name":"(anonymous_0)","decl":{"start":{"line":22,"column":2},"end":{"line":22,"column":10}},"loc":{"start":{"line":22,"column":20},"end":{"line":22,"column":62}},"line":22}},"branchMap":{},"s":{"0":1,"1":1,"2":4},"f":{"0":4},"b":{},"meta":{"lastBranch":0,"lastFunction":1,"lastStatement":3,"seen":{"s:3:30:3:Infinity":0,"s:5:34:25:Infinity":1,"f:22:2:22:10":0,"s:22:20:22:62":2},"fnNames":{}}}
,"/Users/natalie.robinson/projects/team2-project/team2-frontend/src/mappers/job-role-mapper.ts": {"path":"/Users/natalie.robinson/projects/team2-project/team2-frontend/src/mappers/job-role-mapper.ts","statementMap":{"0":{"start":{"line":5,"column":9},"end":{"line":13,"column":null}},"1":{"start":{"line":6,"column":27},"end":{"line":6,"column":null}},"2":{"start":{"line":8,"column":2},"end":{"line":10,"column":null}},"3":{"start":{"line":9,"column":3},"end":{"line":9,"column":null}},"4":{"start":{"line":12,"column":2},"end":{"line":12,"column":null}},"5":{"start":{"line":16,"column":2},"end":{"line":28,"column":null}}},"fnMap":{"0":{"name":"(anonymous_0)","decl":{"start":{"line":5,"column":9},"end":{"line":5,"column":21}},"loc":{"start":{"line":5,"column":55},"end":{"line":13,"column":null}},"line":5},"1":{"name":"toJobRole","decl":{"start":{"line":15,"column":1},"end":{"line":15,"column":8}},"loc":{"start":{"line":15,"column":56},"end":{"line":29,"column":null}},"line":15}},"branchMap":{"0":{"loc":{"start":{"line":8,"column":2},"end":{"line":10,"column":null}},"type":"if","locations":[{"start":{"line":8,"column":2},"end":{"line":10,"column":null}},{"start":{},"end":{}}],"line":8},"1":{"loc":{"start":{"line":27,"column":26},"end":{"line":27,"column":null}},"type":"binary-expr","locations":[{"start":{"line":27,"column":26},"end":{"line":27,"column":59}},{"start":{"line":27,"column":59},"end":{"line":27,"column":null}}],"line":27}},"s":{"0":36,"1":36,"2":36,"3":8,"4":28,"5":36},"f":{"0":36,"1":36},"b":{"0":[8,28],"1":[36,1]},"meta":{"lastBranch":2,"lastFunction":2,"lastStatement":6,"seen":{"s:5:9:13:Infinity":0,"f:5:9:5:21":0,"s:6:27:6:Infinity":1,"b:8:2:10:Infinity:undefined:undefined:undefined:undefined":0,"s:8:2:10:Infinity":2,"s:9:3:9:Infinity":3,"s:12:2:12:Infinity":4,"f:15:1:15:8":1,"s:16:2:28:Infinity":5,"b:27:26:27:59:27:59:27:Infinity":1},"fnNames":{}}}
,"/Users/natalie.robinson/projects/team2-project/team2-frontend/src/middleware/auth-session.ts": {"path":"/Users/natalie.robinson/projects/team2-project/team2-frontend/src/middleware/auth-session.ts","statementMap":{"0":{"start":{"line":4,"column":35},"end":{"line":4,"column":null}},"1":{"start":{"line":5,"column":39},"end":{"line":5,"column":null}},"2":{"start":{"line":7,"column":6},"end":{"line":23,"column":null}},"3":{"start":{"line":8,"column":20},"end":{"line":8,"column":null}},"4":{"start":{"line":10,"column":1},"end":{"line":12,"column":null}},"5":{"start":{"line":11,"column":2},"end":{"line":11,"column":null}},"6":{"start":{"line":14,"column":1},"end":{"line":22,"column":null}},"7":{"start":{"line":15,"column":18},"end":{"line":17,"column":null}},"8":{"start":{"line":19,"column":2},"end":{"line":19,"column":null}},"9":{"start":{"line":21,"column":2},"end":{"line":21,"column":null}},"10":{"start":{"line":25,"column":6},"end":{"line":34,"column":null}},"11":{"start":{"line":26,"column":17},"end":{"line":26,"column":null}},"12":{"start":{"line":28,"column":1},"end":{"line":30,"column":null}},"13":{"start":{"line":29,"column":2},"end":{"line":29,"column":null}},"14":{"start":{"line":32,"column":22},"end":{"line":32,"column":null}},"15":{"start":{"line":33,"column":1},"end":{"line":33,"column":null}},"16":{"start":{"line":41,"column":13},"end":{"line":62,"column":null}},"17":{"start":{"line":42,"column":15},"end":{"line":42,"column":null}},"18":{"start":{"line":44,"column":1},"end":{"line":46,"column":null}},"19":{"start":{"line":45,"column":2},"end":{"line":45,"column":null}},"20":{"start":{"line":48,"column":17},"end":{"line":48,"column":null}},"21":{"start":{"line":50,"column":1},"end":{"line":52,"column":null}},"22":{"start":{"line":51,"column":2},"end":{"line":51,"column":null}},"23":{"start":{"line":54,"column":12},"end":{"line":54,"column":null}},"24":{"start":{"line":55,"column":14},"end":{"line":55,"column":null}},"25":{"start":{"line":57,"column":1},"end":{"line":59,"column":null}},"26":{"start":{"line":58,"column":2},"end":{"line":58,"column":null}},"27":{"start":{"line":61,"column":1},"end":{"line":61,"column":null}},"28":{"start":{"line":64,"column":13},"end":{"line":72,"column":null}},"29":{"start":{"line":65,"column":15},"end":{"line":65,"column":null}},"30":{"start":{"line":66,"column":1},"end":{"line":71,"column":null}},"31":{"start":{"line":74,"column":13},"end":{"line":94,"column":null}},"32":{"start":{"line":79,"column":1},"end":{"line":91,"column":null}},"33":{"start":{"line":80,"column":8},"end":{"line":80,"column":null}},"34":{"start":{"line":82,"column":2},"end":{"line":88,"column":null}},"35":{"start":{"line":83,"column":3},"end":{"line":87,"column":null}},"36":{"start":{"line":90,"column":2},"end":{"line":90,"column":null}},"37":{"start":{"line":93,"column":1},"end":{"line":93,"column":null}},"38":{"start":{"line":96,"column":13},"end":{"line":106,"column":null}},"39":{"start":{"line":101,"column":1},"end":{"line":103,"column":null}},"40":{"start":{"line":102,"column":2},"end":{"line":102,"column":null}},"41":{"start":{"line":105,"column":1},"end":{"line":105,"column":null}}},"fnMap":{"0":{"name":"(anonymous_0)","decl":{"start":{"line":7,"column":6},"end":{"line":7,"column":25}},"loc":{"start":{"line":7,"column":75},"end":{"line":23,"column":null}},"line":7},"1":{"name":"(anonymous_1)","decl":{"start":{"line":25,"column":6},"end":{"line":25,"column":28}},"loc":{"start":{"line":25,"column":55},"end":{"line":34,"column":null}},"line":25},"2":{"name":"(anonymous_2)","decl":{"start":{"line":41,"column":13},"end":{"line":41,"column":35}},"loc":{"start":{"line":41,"column":72},"end":{"line":62,"column":null}},"line":41},"3":{"name":"(anonymous_3)","decl":{"start":{"line":64,"column":13},"end":{"line":64,"column":36}},"loc":{"start":{"line":64,"column":53},"end":{"line":72,"column":null}},"line":64},"4":{"name":"(anonymous_4)","decl":{"start":{"line":74,"column":13},"end":{"line":74,"column":null}},"loc":{"start":{"line":78,"column":5},"end":{"line":94,"column":null}},"line":78},"5":{"name":"(anonymous_5)","decl":{"start":{"line":96,"column":13},"end":{"line":96,"column":null}},"loc":{"start":{"line":100,"column":5},"end":{"line":106,"column":null}},"line":100}},"branchMap":{"0":{"loc":{"start":{"line":10,"column":1},"end":{"line":12,"column":null}},"type":"if","locations":[{"start":{"line":10,"column":1},"end":{"line":12,"column":null}},{"start":{},"end":{}}],"line":10},"1":{"loc":{"start":{"line":28,"column":1},"end":{"line":30,"column":null}},"type":"if","locations":[{"start":{"line":28,"column":1},"end":{"line":30,"column":null}},{"start":{},"end":{}}],"line":28},"2":{"loc":{"start":{"line":28,"column":5},"end":{"line":28,"column":50}},"type":"binary-expr","locations":[{"start":{"line":28,"column":5},"end":{"line":28,"column":17}},{"start":{"line":28,"column":17},"end":{"line":28,"column":50}}],"line":28},"3":{"loc":{"start":{"line":44,"column":1},"end":{"line":46,"column":null}},"type":"if","locations":[{"start":{"line":44,"column":1},"end":{"line":46,"column":null}},{"start":{},"end":{}}],"line":44},"4":{"loc":{"start":{"line":44,"column":5},"end":{"line":44,"column":61}},"type":"binary-expr","locations":[{"start":{"line":44,"column":5},"end":{"line":44,"column":34}},{"start":{"line":44,"column":34},"end":{"line":44,"column":61}}],"line":44},"5":{"loc":{"start":{"line":50,"column":1},"end":{"line":52,"column":null}},"type":"if","locations":[{"start":{"line":50,"column":1},"end":{"line":52,"column":null}},{"start":{},"end":{}}],"line":50},"6":{"loc":{"start":{"line":57,"column":1},"end":{"line":59,"column":null}},"type":"if","locations":[{"start":{"line":57,"column":1},"end":{"line":59,"column":null}},{"start":{},"end":{}}],"line":57},"7":{"loc":{"start":{"line":57,"column":5},"end":{"line":57,"column":57}},"type":"binary-expr","locations":[{"start":{"line":57,"column":5},"end":{"line":57,"column":31}},{"start":{"line":57,"column":31},"end":{"line":57,"column":57}}],"line":57},"8":{"loc":{"start":{"line":68,"column":3},"end":{"line":70,"column":null}},"type":"binary-expr","locations":[{"start":{"line":68,"column":3},"end":{"line":68,"column":null}},{"start":{"line":69,"column":3},"end":{"line":69,"column":null}},{"start":{"line":70,"column":3},"end":{"line":70,"column":null}}],"line":68},"9":{"loc":{"start":{"line":79,"column":1},"end":{"line":91,"column":null}},"type":"if","locations":[{"start":{"line":79,"column":1},"end":{"line":91,"column":null}},{"start":{},"end":{}}],"line":79},"10":{"loc":{"start":{"line":82,"column":2},"end":{"line":88,"column":null}},"type":"if","locations":[{"start":{"line":82,"column":2},"end":{"line":88,"column":null}},{"start":{},"end":{}}],"line":82},"11":{"loc":{"start":{"line":101,"column":1},"end":{"line":103,"column":null}},"type":"if","locations":[{"start":{"line":101,"column":1},"end":{"line":103,"column":null}},{"start":{},"end":{}}],"line":101}},"s":{"0":4,"1":4,"2":4,"3":23,"4":23,"5":19,"6":4,"7":4,"8":4,"9":0,"10":4,"11":18,"12":18,"13":16,"14":2,"15":2,"16":4,"17":5,"18":5,"19":0,"20":5,"21":5,"22":3,"23":2,"24":2,"25":2,"26":1,"27":1,"28":4,"29":28,"30":28,"31":4,"32":17,"33":4,"34":4,"35":2,"36":4,"37":13,"38":4,"39":4,"40":2,"41":2},"f":{"0":23,"1":18,"2":5,"3":28,"4":17,"5":4},"b":{"0":[19,4],"1":[16,2],"2":[18,2],"3":[0,5],"4":[5,5],"5":[3,2],"6":[1,1],"7":[2,1],"8":[28,19,18],"9":[4,13],"10":[2,2],"11":[2,2]},"meta":{"lastBranch":12,"lastFunction":6,"lastStatement":42,"seen":{"s:4:35:4:Infinity":0,"s:5:39:5:Infinity":1,"s:7:6:23:Infinity":2,"f:7:6:7:25":0,"s:8:20:8:Infinity":3,"b:10:1:12:Infinity:undefined:undefined:undefined:undefined":0,"s:10:1:12:Infinity":4,"s:11:2:11:Infinity":5,"s:14:1:22:Infinity":6,"s:15:18:17:Infinity":7,"s:19:2:19:Infinity":8,"s:21:2:21:Infinity":9,"s:25:6:34:Infinity":10,"f:25:6:25:28":1,"s:26:17:26:Infinity":11,"b:28:1:30:Infinity:undefined:undefined:undefined:undefined":1,"s:28:1:30:Infinity":12,"b:28:5:28:17:28:17:28:50":2,"s:29:2:29:Infinity":13,"s:32:22:32:Infinity":14,"s:33:1:33:Infinity":15,"s:41:13:62:Infinity":16,"f:41:13:41:35":2,"s:42:15:42:Infinity":17,"b:44:1:46:Infinity:undefined:undefined:undefined:undefined":3,"s:44:1:46:Infinity":18,"b:44:5:44:34:44:34:44:61":4,"s:45:2:45:Infinity":19,"s:48:17:48:Infinity":20,"b:50:1:52:Infinity:undefined:undefined:undefined:undefined":5,"s:50:1:52:Infinity":21,"s:51:2:51:Infinity":22,"s:54:12:54:Infinity":23,"s:55:14:55:Infinity":24,"b:57:1:59:Infinity:undefined:undefined:undefined:undefined":6,"s:57:1:59:Infinity":25,"b:57:5:57:31:57:31:57:57":7,"s:58:2:58:Infinity":26,"s:61:1:61:Infinity":27,"s:64:13:72:Infinity":28,"f:64:13:64:36":3,"s:65:15:65:Infinity":29,"s:66:1:71:Infinity":30,"b:68:3:68:Infinity:69:3:69:Infinity:70:3:70:Infinity":8,"s:74:13:94:Infinity":31,"f:74:13:74:Infinity":4,"b:79:1:91:Infinity:undefined:undefined:undefined:undefined":9,"s:79:1:91:Infinity":32,"s:80:8:80:Infinity":33,"b:82:2:88:Infinity:undefined:undefined:undefined:undefined":10,"s:82:2:88:Infinity":34,"s:83:3:87:Infinity":35,"s:90:2:90:Infinity":36,"s:93:1:93:Infinity":37,"s:96:13:106:Infinity":38,"f:96:13:96:Infinity":5,"b:101:1:103:Infinity:undefined:undefined:undefined:undefined":11,"s:101:1:103:Infinity":39,"s:102:2:102:Infinity":40,"s:105:1:105:Infinity":41},"fnNames":{}}}
,"/Users/natalie.robinson/projects/team2-project/team2-frontend/src/middleware/validationMiddleware.ts": {"path":"/Users/natalie.robinson/projects/team2-project/team2-frontend/src/middleware/validationMiddleware.ts","statementMap":{"0":{"start":{"line":6,"column":13},"end":{"line":36,"column":null}},"1":{"start":{"line":7,"column":2},"end":{"line":36,"column":null}},"2":{"start":{"line":9,"column":24},"end":{"line":9,"column":null}},"3":{"start":{"line":11,"column":2},"end":{"line":33,"column":null}},"4":{"start":{"line":12,"column":38},"end":{"line":12,"column":null}},"5":{"start":{"line":14,"column":3},"end":{"line":28,"column":null}},"6":{"start":{"line":15,"column":18},"end":{"line":15,"column":null}},"7":{"start":{"line":17,"column":4},"end":{"line":19,"column":null}},"8":{"start":{"line":18,"column":5},"end":{"line":18,"column":null}},"9":{"start":{"line":21,"column":29},"end":{"line":21,"column":null}},"10":{"start":{"line":23,"column":4},"end":{"line":25,"column":null}},"11":{"start":{"line":24,"column":5},"end":{"line":24,"column":null}},"12":{"start":{"line":27,"column":4},"end":{"line":27,"column":null}},"13":{"start":{"line":30,"column":3},"end":{"line":30,"column":null}},"14":{"start":{"line":32,"column":3},"end":{"line":32,"column":null}},"15":{"start":{"line":35,"column":2},"end":{"line":35,"column":null}}},"fnMap":{"0":{"name":"(anonymous_0)","decl":{"start":{"line":6,"column":13},"end":{"line":6,"column":null}},"loc":{"start":{"line":7,"column":2},"end":{"line":36,"column":null}},"line":7},"1":{"name":"(anonymous_1)","decl":{"start":{"line":7,"column":2},"end":{"line":7,"column":null}},"loc":{"start":{"line":8,"column":27},"end":{"line":36,"column":null}},"line":8}},"branchMap":{"0":{"loc":{"start":{"line":9,"column":41},"end":{"line":9,"column":55}},"type":"binary-expr","locations":[{"start":{"line":9,"column":41},"end":{"line":9,"column":53}},{"start":{"line":9,"column":53},"end":{"line":9,"column":55}}],"line":9},"1":{"loc":{"start":{"line":11,"column":2},"end":{"line":33,"column":null}},"type":"if","locations":[{"start":{"line":11,"column":2},"end":{"line":33,"column":null}},{"start":{"line":31,"column":9},"end":{"line":33,"column":null}}],"line":11},"2":{"loc":{"start":{"line":17,"column":4},"end":{"line":19,"column":null}},"type":"if","locations":[{"start":{"line":17,"column":4},"end":{"line":19,"column":null}},{"start":{},"end":{}}],"line":17},"3":{"loc":{"start":{"line":17,"column":8},"end":{"line":17,"column":72}},"type":"binary-expr","locations":[{"start":{"line":17,"column":8},"end":{"line":17,"column":37}},{"start":{"line":17,"column":37},"end":{"line":17,"column":72}}],"line":17},"4":{"loc":{"start":{"line":21,"column":29},"end":{"line":21,"column":null}},"type":"binary-expr","locations":[{"start":{"line":21,"column":29},"end":{"line":21,"column":51}},{"start":{"line":21,"column":51},"end":{"line":21,"column":null}}],"line":21},"5":{"loc":{"start":{"line":23,"column":4},"end":{"line":25,"column":null}},"type":"if","locations":[{"start":{"line":23,"column":4},"end":{"line":25,"column":null}},{"start":{},"end":{}}],"line":23}},"s":{"0":2,"1":4,"2":7,"3":7,"4":4,"5":4,"6":7,"7":7,"8":1,"9":6,"10":7,"11":6,"12":6,"13":4,"14":3,"15":7},"f":{"0":4,"1":7},"b":{"0":[7,0],"1":[4,3],"2":[1,6],"3":[7,6],"4":[6,6],"5":[6,1]},"meta":{"lastBranch":6,"lastFunction":2,"lastStatement":16,"seen":{"s:6:13:36:Infinity":0,"f:6:13:6:Infinity":0,"s:7:2:36:Infinity":1,"f:7:2:7:Infinity":1,"s:9:24:9:Infinity":2,"b:9:41:9:53:9:53:9:55":0,"b:11:2:33:Infinity:31:9:33:Infinity":1,"s:11:2:33:Infinity":3,"s:12:38:12:Infinity":4,"s:14:3:28:Infinity":5,"s:15:18:15:Infinity":6,"b:17:4:19:Infinity:undefined:undefined:undefined:undefined":2,"s:17:4:19:Infinity":7,"b:17:8:17:37:17:37:17:72":3,"s:18:5:18:Infinity":8,"s:21:29:21:Infinity":9,"b:21:29:21:51:21:51:21:Infinity":4,"b:23:4:25:Infinity:undefined:undefined:undefined:undefined":5,"s:23:4:25:Infinity":10,"s:24:5:24:Infinity":11,"s:27:4:27:Infinity":12,"s:30:3:30:Infinity":13,"s:32:3:32:Infinity":14,"s:35:2:35:Infinity":15},"fnNames":{}}}
,"/Users/natalie.robinson/projects/team2-project/team2-frontend/src/routes/application-routes.ts": {"path":"/Users/natalie.robinson/projects/team2-project/team2-frontend/src/routes/application-routes.ts","statementMap":{"0":{"start":{"line":8,"column":22},"end":{"line":8,"column":null}},"1":{"start":{"line":9,"column":23},"end":{"line":9,"column":null}},"2":{"start":{"line":10,"column":27},"end":{"line":10,"column":null}},"3":{"start":{"line":11,"column":30},"end":{"line":14,"column":null}},"4":{"start":{"line":16,"column":6},"end":{"line":16,"column":null}},"5":{"start":{"line":18,"column":0},"end":{"line":22,"column":null}},"6":{"start":{"line":24,"column":0},"end":{"line":28,"column":null}},"7":{"start":{"line":30,"column":0},"end":{"line":34,"column":null}},"8":{"start":{"line":36,"column":0},"end":{"line":40,"column":null}}},"fnMap":{},"branchMap":{},"s":{"0":1,"1":1,"2":1,"3":1,"4":1,"5":1,"6":1,"7":1,"8":1},"f":{},"b":{},"meta":{"lastBranch":0,"lastFunction":0,"lastStatement":9,"seen":{"s:8:22:8:Infinity":0,"s:9:23:9:Infinity":1,"s:10:27:10:Infinity":2,"s:11:30:14:Infinity":3,"s:16:6:16:Infinity":4,"s:18:0:22:Infinity":5,"s:24:0:28:Infinity":6,"s:30:0:34:Infinity":7,"s:36:0:40:Infinity":8},"fnNames":{}}}
,"/Users/natalie.robinson/projects/team2-project/team2-frontend/src/routes/auth-router.ts": {"path":"/Users/natalie.robinson/projects/team2-project/team2-frontend/src/routes/auth-router.ts","statementMap":{"0":{"start":{"line":8,"column":6},"end":{"line":8,"column":null}},"1":{"start":{"line":10,"column":1},"end":{"line":10,"column":null}},"2":{"start":{"line":12,"column":1},"end":{"line":12,"column":null}},"3":{"start":{"line":14,"column":40},"end":{"line":16,"column":null}},"4":{"start":{"line":18,"column":23},"end":{"line":18,"column":null}},"5":{"start":{"line":20,"column":0},"end":{"line":20,"column":null}},"6":{"start":{"line":21,"column":0},"end":{"line":21,"column":null}},"7":{"start":{"line":22,"column":0},"end":{"line":22,"column":null}}},"fnMap":{},"branchMap":{"0":{"loc":{"start":{"line":12,"column":1},"end":{"line":12,"column":null}},"type":"binary-expr","locations":[{"start":{"line":12,"column":1},"end":{"line":12,"column":43}},{"start":{"line":12,"column":43},"end":{"line":12,"column":null}}],"line":12},"1":{"loc":{"start":{"line":14,"column":40},"end":{"line":16,"column":null}},"type":"cond-expr","locations":[{"start":{"line":15,"column":3},"end":{"line":15,"column":null}},{"start":{"line":16,"column":3},"end":{"line":16,"column":null}}],"line":14}},"s":{"0":3,"1":3,"2":3,"3":3,"4":3,"5":3,"6":3,"7":3},"f":{},"b":{"0":[3,3],"1":[1,2]},"meta":{"lastBranch":2,"lastFunction":0,"lastStatement":8,"seen":{"s:8:6:8:Infinity":0,"s:10:1:10:Infinity":1,"s:12:1:12:Infinity":2,"b:12:1:12:43:12:43:12:Infinity":0,"s:14:40:16:Infinity":3,"b:15:3:15:Infinity:16:3:16:Infinity":1,"s:18:23:18:Infinity":4,"s:20:0:20:Infinity":5,"s:21:0:21:Infinity":6,"s:22:0:22:Infinity":7},"fnNames":{}}}
,"/Users/natalie.robinson/projects/team2-project/team2-frontend/src/routes/job-role-routes.ts": {"path":"/Users/natalie.robinson/projects/team2-project/team2-frontend/src/routes/job-role-routes.ts","statementMap":{"0":{"start":{"line":7,"column":22},"end":{"line":7,"column":null}},"1":{"start":{"line":8,"column":23},"end":{"line":8,"column":null}},"2":{"start":{"line":9,"column":26},"end":{"line":9,"column":null}},"3":{"start":{"line":11,"column":6},"end":{"line":11,"column":null}},"4":{"start":{"line":13,"column":0},"end":{"line":17,"column":null}},"5":{"start":{"line":18,"column":0},"end":{"line":22,"column":null}}},"fnMap":{},"branchMap":{},"s":{"0":1,"1":1,"2":1,"3":1,"4":1,"5":1},"f":{},"b":{},"meta":{"lastBranch":0,"lastFunction":0,"lastStatement":6,"seen":{"s:7:22:7:Infinity":0,"s:8:23:8:Infinity":1,"s:9:26:9:Infinity":2,"s:11:6:11:Infinity":3,"s:13:0:17:Infinity":4,"s:18:0:22:Infinity":5},"fnNames":{}}}
,"/Users/natalie.robinson/projects/team2-project/team2-frontend/src/routes/registration-routes.ts": {"path":"/Users/natalie.robinson/projects/team2-project/team2-frontend/src/routes/registration-routes.ts","statementMap":{"0":{"start":{"line":7,"column":28},"end":{"line":7,"column":null}},"1":{"start":{"line":8,"column":31},"end":{"line":8,"column":null}},"2":{"start":{"line":10,"column":6},"end":{"line":10,"column":null}},"3":{"start":{"line":12,"column":0},"end":{"line":12,"column":null}},"4":{"start":{"line":13,"column":0},"end":{"line":17,"column":null}}},"fnMap":{},"branchMap":{},"s":{"0":1,"1":1,"2":1,"3":1,"4":1},"f":{},"b":{},"meta":{"lastBranch":0,"lastFunction":0,"lastStatement":5,"seen":{"s:7:28:7:Infinity":0,"s:8:31:8:Infinity":1,"s:10:6:10:Infinity":2,"s:12:0:12:Infinity":3,"s:13:0:17:Infinity":4},"fnNames":{}}}
,"/Users/natalie.robinson/projects/team2-project/team2-frontend/src/services/application-service.ts": {"path":"/Users/natalie.robinson/projects/team2-project/team2-frontend/src/services/application-service.ts","statementMap":{"0":{"start":{"line":13,"column":2},"end":{"line":23,"column":null}},"1":{"start":{"line":14,"column":20},"end":{"line":17,"column":null}},"2":{"start":{"line":18,"column":3},"end":{"line":18,"column":null}},"3":{"start":{"line":20,"column":3},"end":{"line":20,"column":null}},"4":{"start":{"line":22,"column":3},"end":{"line":22,"column":null}},"5":{"start":{"line":30,"column":2},"end":{"line":35,"column":null}},"6":{"start":{"line":31,"column":3},"end":{"line":31,"column":null}},"7":{"start":{"line":33,"column":3},"end":{"line":33,"column":null}},"8":{"start":{"line":34,"column":3},"end":{"line":34,"column":null}}},"fnMap":{"0":{"name":"getUploadUrl","decl":{"start":{"line":9,"column":7},"end":{"line":9,"column":null}},"loc":{"start":{"line":12,"column":31},"end":{"line":24,"column":null}},"line":12},"1":{"name":"createApplication","decl":{"start":{"line":26,"column":7},"end":{"line":26,"column":null}},"loc":{"start":{"line":29,"column":18},"end":{"line":36,"column":null}},"line":29}},"branchMap":{},"s":{"0":2,"1":2,"2":1,"3":1,"4":1,"5":2,"6":2,"7":1,"8":1},"f":{"0":2,"1":2},"b":{},"meta":{"lastBranch":0,"lastFunction":2,"lastStatement":9,"seen":{"f:9:7:9:Infinity":0,"s:13:2:23:Infinity":0,"s:14:20:17:Infinity":1,"s:18:3:18:Infinity":2,"s:20:3:20:Infinity":3,"s:22:3:22:Infinity":4,"f:26:7:26:Infinity":1,"s:30:2:35:Infinity":5,"s:31:3:31:Infinity":6,"s:33:3:33:Infinity":7,"s:34:3:34:Infinity":8},"fnNames":{}}}
,"/Users/natalie.robinson/projects/team2-project/team2-frontend/src/services/default-auth-service.ts": {"path":"/Users/natalie.robinson/projects/team2-project/team2-frontend/src/services/default-auth-service.ts","statementMap":{"0":{"start":{"line":4,"column":32},"end":{"line":4,"column":null}},"1":{"start":{"line":18,"column":2},"end":{"line":18,"column":null}},"2":{"start":{"line":22,"column":19},"end":{"line":35,"column":null}},"3":{"start":{"line":32,"column":26},"end":{"line":32,"column":null}},"4":{"start":{"line":37,"column":2},"end":{"line":42,"column":null}},"5":{"start":{"line":38,"column":3},"end":{"line":41,"column":null}},"6":{"start":{"line":44,"column":2},"end":{"line":48,"column":null}},"7":{"start":{"line":45,"column":3},"end":{"line":47,"column":null}},"8":{"start":{"line":50,"column":16},"end":{"line":50,"column":null}},"9":{"start":{"line":52,"column":2},"end":{"line":54,"column":null}},"10":{"start":{"line":53,"column":3},"end":{"line":53,"column":null}},"11":{"start":{"line":56,"column":2},"end":{"line":60,"column":null}},"12":{"start":{"line":64,"column":2},"end":{"line":64,"column":null}}},"fnMap":{"0":{"name":"constructor","decl":{"start":{"line":17,"column":1},"end":{"line":17,"column":13}},"loc":{"start":{"line":17,"column":43},"end":{"line":19,"column":null}},"line":17},"1":{"name":"login","decl":{"start":{"line":21,"column":7},"end":{"line":21,"column":13}},"loc":{"start":{"line":21,"column":66},"end":{"line":61,"column":null}},"line":21},"2":{"name":"(anonymous_2)","decl":{"start":{"line":32,"column":4},"end":{"line":32,"column":26}},"loc":{"start":{"line":32,"column":26},"end":{"line":32,"column":null}},"line":32},"3":{"name":"logout","decl":{"start":{"line":63,"column":7},"end":{"line":63,"column":16}},"loc":{"start":{"line":63,"column":16},"end":{"line":65,"column":null}},"line":63}},"branchMap":{"0":{"loc":{"start":{"line":37,"column":2},"end":{"line":42,"column":null}},"type":"if","locations":[{"start":{"line":37,"column":2},"end":{"line":42,"column":null}},{"start":{},"end":{}}],"line":37},"1":{"loc":{"start":{"line":44,"column":2},"end":{"line":48,"column":null}},"type":"if","locations":[{"start":{"line":44,"column":2},"end":{"line":48,"column":null}},{"start":{},"end":{}}],"line":44},"2":{"loc":{"start":{"line":44,"column":6},"end":{"line":44,"column":55}},"type":"binary-expr","locations":[{"start":{"line":44,"column":6},"end":{"line":44,"column":31}},{"start":{"line":44,"column":31},"end":{"line":44,"column":55}}],"line":44},"3":{"loc":{"start":{"line":52,"column":2},"end":{"line":54,"column":null}},"type":"if","locations":[{"start":{"line":52,"column":2},"end":{"line":54,"column":null}},{"start":{},"end":{}}],"line":52},"4":{"loc":{"start":{"line":52,"column":6},"end":{"line":52,"column":62}},"type":"binary-expr","locations":[{"start":{"line":52,"column":6},"end":{"line":52,"column":35}},{"start":{"line":52,"column":35},"end":{"line":52,"column":62}}],"line":52}},"s":{"0":4,"1":8,"2":6,"3":0,"4":6,"5":1,"6":5,"7":1,"8":4,"9":6,"10":2,"11":2,"12":1},"f":{"0":8,"1":6,"2":0,"3":1},"b":{"0":[1,5],"1":[1,4],"2":[5,5],"3":[2,4],"4":[6,3]},"meta":{"lastBranch":5,"lastFunction":4,"lastStatement":13,"seen":{"s:4:32:4:Infinity":0,"f:17:1:17:13":0,"s:18:2:18:Infinity":1,"f:21:7:21:13":1,"s:22:19:35:Infinity":2,"f:32:4:32:26":2,"s:32:26:32:Infinity":3,"b:37:2:42:Infinity:undefined:undefined:undefined:undefined":0,"s:37:2:42:Infinity":4,"s:38:3:41:Infinity":5,"b:44:2:48:Infinity:undefined:undefined:undefined:undefined":1,"s:44:2:48:Infinity":6,"b:44:6:44:31:44:31:44:55":2,"s:45:3:47:Infinity":7,"s:50:16:50:Infinity":8,"b:52:2:54:Infinity:undefined:undefined:undefined:undefined":3,"s:52:2:54:Infinity":9,"b:52:6:52:35:52:35:52:62":4,"s:53:3:53:Infinity":10,"s:56:2:60:Infinity":11,"f:63:7:63:16":3,"s:64:2:64:Infinity":12},"fnNames":{}}}
,"/Users/natalie.robinson/projects/team2-project/team2-frontend/src/services/job-role-service.ts": {"path":"/Users/natalie.robinson/projects/team2-project/team2-frontend/src/services/job-role-service.ts","statementMap":{"0":{"start":{"line":8,"column":30},"end":{"line":8,"column":53}},"1":{"start":{"line":11,"column":2},"end":{"line":18,"column":null}},"2":{"start":{"line":12,"column":20},"end":{"line":12,"column":null}},"3":{"start":{"line":13,"column":20},"end":{"line":13,"column":null}},"4":{"start":{"line":14,"column":3},"end":{"line":14,"column":null}},"5":{"start":{"line":14,"column":36},"end":{"line":14,"column":66}},"6":{"start":{"line":16,"column":3},"end":{"line":16,"column":null}},"7":{"start":{"line":17,"column":3},"end":{"line":17,"column":null}},"8":{"start":{"line":22,"column":2},"end":{"line":49,"column":null}},"9":{"start":{"line":23,"column":20},"end":{"line":25,"column":null}},"10":{"start":{"line":26,"column":23},"end":{"line":28,"column":null}},"11":{"start":{"line":30,"column":3},"end":{"line":32,"column":null}},"12":{"start":{"line":31,"column":4},"end":{"line":31,"column":null}},"13":{"start":{"line":34,"column":3},"end":{"line":34,"column":null}},"14":{"start":{"line":36,"column":27},"end":{"line":36,"column":null}},"15":{"start":{"line":38,"column":3},"end":{"line":40,"column":null}},"16":{"start":{"line":39,"column":4},"end":{"line":39,"column":null}},"17":{"start":{"line":42,"column":3},"end":{"line":44,"column":null}},"18":{"start":{"line":43,"column":4},"end":{"line":43,"column":null}},"19":{"start":{"line":46,"column":3},"end":{"line":48,"column":null}}},"fnMap":{"0":{"name":"constructor","decl":{"start":{"line":8,"column":1},"end":{"line":8,"column":13}},"loc":{"start":{"line":8,"column":53},"end":{"line":8,"column":null}},"line":8},"1":{"name":"getJobRoles","decl":{"start":{"line":10,"column":7},"end":{"line":10,"column":41}},"loc":{"start":{"line":10,"column":41},"end":{"line":19,"column":null}},"line":10},"2":{"name":"(anonymous_2)","decl":{"start":{"line":14,"column":19},"end":{"line":14,"column":24}},"loc":{"start":{"line":14,"column":36},"end":{"line":14,"column":66}},"line":14},"3":{"name":"getJobRoleById","decl":{"start":{"line":21,"column":7},"end":{"line":21,"column":22}},"loc":{"start":{"line":21,"column":59},"end":{"line":50,"column":null}},"line":21}},"branchMap":{"0":{"loc":{"start":{"line":13,"column":20},"end":{"line":13,"column":null}},"type":"cond-expr","locations":[{"start":{"line":13,"column":51},"end":{"line":13,"column":67}},{"start":{"line":13,"column":67},"end":{"line":13,"column":null}}],"line":13},"1":{"loc":{"start":{"line":26,"column":23},"end":{"line":28,"column":null}},"type":"cond-expr","locations":[{"start":{"line":27,"column":6},"end":{"line":27,"column":null}},{"start":{"line":28,"column":6},"end":{"line":28,"column":null}}],"line":26},"2":{"loc":{"start":{"line":30,"column":3},"end":{"line":32,"column":null}},"type":"if","locations":[{"start":{"line":30,"column":3},"end":{"line":32,"column":null}},{"start":{},"end":{}}],"line":30},"3":{"loc":{"start":{"line":38,"column":3},"end":{"line":40,"column":null}},"type":"if","locations":[{"start":{"line":38,"column":3},"end":{"line":40,"column":null}},{"start":{},"end":{}}],"line":38},"4":{"loc":{"start":{"line":42,"column":3},"end":{"line":44,"column":null}},"type":"if","locations":[{"start":{"line":42,"column":3},"end":{"line":44,"column":null}},{"start":{},"end":{}}],"line":42}},"s":{"0":11,"1":14,"2":14,"3":12,"4":14,"5":34,"6":2,"7":2,"8":7,"9":7,"10":3,"11":7,"12":1,"13":2,"14":4,"15":4,"16":2,"17":2,"18":1,"19":1},"f":{"0":11,"1":14,"2":34,"3":7},"b":{"0":[11,1],"1":[2,1],"2":[1,6],"3":[2,2],"4":[1,1]},"meta":{"lastBranch":5,"lastFunction":4,"lastStatement":20,"seen":{"f:8:1:8:13":0,"s:8:30:8:53":0,"f:10:7:10:41":1,"s:11:2:18:Infinity":1,"s:12:20:12:Infinity":2,"s:13:20:13:Infinity":3,"b:13:51:13:67:13:67:13:Infinity":0,"s:14:3:14:Infinity":4,"f:14:19:14:24":2,"s:14:36:14:66":5,"s:16:3:16:Infinity":6,"s:17:3:17:Infinity":7,"f:21:7:21:22":3,"s:22:2:49:Infinity":8,"s:23:20:25:Infinity":9,"s:26:23:28:Infinity":10,"b:27:6:27:Infinity:28:6:28:Infinity":1,"b:30:3:32:Infinity:undefined:undefined:undefined:undefined":2,"s:30:3:32:Infinity":11,"s:31:4:31:Infinity":12,"s:34:3:34:Infinity":13,"s:36:27:36:Infinity":14,"b:38:3:40:Infinity:undefined:undefined:undefined:undefined":3,"s:38:3:40:Infinity":15,"s:39:4:39:Infinity":16,"b:42:3:44:Infinity:undefined:undefined:undefined:undefined":4,"s:42:3:44:Infinity":17,"s:43:4:43:Infinity":18,"s:46:3:48:Infinity":19},"fnNames":{}}}
,"/Users/natalie.robinson/projects/team2-project/team2-frontend/src/services/mock-auth-service.ts": {"path":"/Users/natalie.robinson/projects/team2-project/team2-frontend/src/services/mock-auth-service.ts","statementMap":{"0":{"start":{"line":3,"column":27},"end":{"line":3,"column":null}},"1":{"start":{"line":4,"column":25},"end":{"line":4,"column":null}},"2":{"start":{"line":5,"column":28},"end":{"line":5,"column":null}},"3":{"start":{"line":9,"column":26},"end":{"line":9,"column":null}},"4":{"start":{"line":11,"column":2},"end":{"line":19,"column":null}},"5":{"start":{"line":15,"column":3},"end":{"line":18,"column":null}},"6":{"start":{"line":21,"column":2},"end":{"line":25,"column":null}},"7":{"start":{"line":29,"column":2},"end":{"line":29,"column":null}}},"fnMap":{"0":{"name":"login","decl":{"start":{"line":8,"column":7},"end":{"line":8,"column":13}},"loc":{"start":{"line":8,"column":66},"end":{"line":26,"column":null}},"line":8},"1":{"name":"logout","decl":{"start":{"line":28,"column":7},"end":{"line":28,"column":16}},"loc":{"start":{"line":28,"column":16},"end":{"line":30,"column":null}},"line":28}},"branchMap":{"0":{"loc":{"start":{"line":11,"column":2},"end":{"line":19,"column":null}},"type":"if","locations":[{"start":{"line":11,"column":2},"end":{"line":19,"column":null}},{"start":{},"end":{}}],"line":11},"1":{"loc":{"start":{"line":12,"column":3},"end":{"line":13,"column":null}},"type":"binary-expr","locations":[{"start":{"line":12,"column":3},"end":{"line":12,"column":null}},{"start":{"line":13,"column":3},"end":{"line":13,"column":null}}],"line":12}},"s":{"0":4,"1":4,"2":4,"3":3,"4":3,"5":1,"6":2,"7":1},"f":{"0":3,"1":1},"b":{"0":[1,2],"1":[3,2]},"meta":{"lastBranch":2,"lastFunction":2,"lastStatement":8,"seen":{"s:3:27:3:Infinity":0,"s:4:25:4:Infinity":1,"s:5:28:5:Infinity":2,"f:8:7:8:13":0,"s:9:26:9:Infinity":3,"b:11:2:19:Infinity:undefined:undefined:undefined:undefined":0,"s:11:2:19:Infinity":4,"b:12:3:12:Infinity:13:3:13:Infinity":1,"s:15:3:18:Infinity":5,"s:21:2:25:Infinity":6,"f:28:7:28:16":1,"s:29:2:29:Infinity":7},"fnNames":{}}}
,"/Users/natalie.robinson/projects/team2-project/team2-frontend/src/services/registration-service.ts": {"path":"/Users/natalie.robinson/projects/team2-project/team2-frontend/src/services/registration-service.ts","statementMap":{"0":{"start":{"line":6,"column":2},"end":{"line":12,"column":null}},"1":{"start":{"line":7,"column":20},"end":{"line":7,"column":null}},"2":{"start":{"line":8,"column":3},"end":{"line":8,"column":null}},"3":{"start":{"line":10,"column":3},"end":{"line":10,"column":null}},"4":{"start":{"line":11,"column":3},"end":{"line":11,"column":null}}},"fnMap":{"0":{"name":"registerUser","decl":{"start":{"line":5,"column":7},"end":{"line":5,"column":20}},"loc":{"start":{"line":5,"column":65},"end":{"line":13,"column":null}},"line":5}},"branchMap":{},"s":{"0":5,"1":5,"2":2,"3":3,"4":3},"f":{"0":5},"b":{},"meta":{"lastBranch":0,"lastFunction":1,"lastStatement":5,"seen":{"f:5:7:5:20":0,"s:6:2:12:Infinity":0,"s:7:20:7:Infinity":1,"s:8:3:8:Infinity":2,"s:10:3:10:Infinity":3,"s:11:3:11:Infinity":4},"fnNames":{}}}
,"/Users/natalie.robinson/projects/team2-project/team2-frontend/src/types/job-role.ts": {"path":"/Users/natalie.robinson/projects/team2-project/team2-frontend/src/types/job-role.ts","statementMap":{"0":{"start":{"line":1,"column":7},"end":{"line":4,"column":null}},"1":{"start":{"line":2,"column":1},"end":{"line":2,"column":null}},"2":{"start":{"line":3,"column":1},"end":{"line":3,"column":null}}},"fnMap":{"0":{"name":"(anonymous_0)","decl":{"start":{"line":1,"column":7},"end":{"line":1,"column":12}},"loc":{"start":{"line":1,"column":7},"end":{"line":4,"column":null}},"line":1}},"branchMap":{},"s":{"0":3,"1":3,"2":3},"f":{"0":3},"b":{},"meta":{"lastBranch":0,"lastFunction":1,"lastStatement":3,"seen":{"s:1:7:4:Infinity":0,"f:1:7:1:12":0,"s:2:1:2:Infinity":1,"s:3:1:3:Infinity":2},"fnNames":{}}}
,"/Users/natalie.robinson/projects/team2-project/team2-frontend/src/validators/login-credentials.ts": {"path":"/Users/natalie.robinson/projects/team2-project/team2-frontend/src/validators/login-credentials.ts","statementMap":{"0":{"start":{"line":4,"column":31},"end":{"line":11,"column":null}},"1":{"start":{"line":9,"column":24},"end":{"line":9,"column":43}},"2":{"start":{"line":29,"column":6},"end":{"line":36,"column":null}},"3":{"start":{"line":30,"column":1},"end":{"line":32,"column":null}},"4":{"start":{"line":31,"column":2},"end":{"line":31,"column":null}},"5":{"start":{"line":34,"column":14},"end":{"line":34,"column":null}},"6":{"start":{"line":35,"column":1},"end":{"line":35,"column":null}},"7":{"start":{"line":38,"column":13},"end":{"line":62,"column":null}},"8":{"start":{"line":41,"column":16},"end":{"line":41,"column":null}},"9":{"start":{"line":43,"column":1},"end":{"line":56,"column":null}},"10":{"start":{"line":44,"column":20},"end":{"line":44,"column":null}},"11":{"start":{"line":45,"column":21},"end":{"line":45,"column":null}},"12":{"start":{"line":46,"column":24},"end":{"line":46,"column":null}},"13":{"start":{"line":48,"column":2},"end":{"line":55,"column":null}},"14":{"start":{"line":58,"column":1},"end":{"line":61,"column":null}}},"fnMap":{"0":{"name":"(anonymous_0)","decl":{"start":{"line":9,"column":3},"end":{"line":9,"column":14}},"loc":{"start":{"line":9,"column":24},"end":{"line":9,"column":43}},"line":9},"1":{"name":"(anonymous_1)","decl":{"start":{"line":29,"column":6},"end":{"line":29,"column":27}},"loc":{"start":{"line":29,"column":46},"end":{"line":36,"column":null}},"line":29},"2":{"name":"(anonymous_2)","decl":{"start":{"line":38,"column":13},"end":{"line":38,"column":null}},"loc":{"start":{"line":40,"column":34},"end":{"line":62,"column":null}},"line":40}},"branchMap":{"0":{"loc":{"start":{"line":30,"column":1},"end":{"line":32,"column":null}},"type":"if","locations":[{"start":{"line":30,"column":1},"end":{"line":32,"column":null}},{"start":{},"end":{}}],"line":30},"1":{"loc":{"start":{"line":30,"column":5},"end":{"line":30,"column":42}},"type":"binary-expr","locations":[{"start":{"line":30,"column":5},"end":{"line":30,"column":15}},{"start":{"line":30,"column":15},"end":{"line":30,"column":42}}],"line":30},"2":{"loc":{"start":{"line":35,"column":8},"end":{"line":35,"column":null}},"type":"cond-expr","locations":[{"start":{"line":35,"column":41},"end":{"line":35,"column":61}},{"start":{"line":35,"column":61},"end":{"line":35,"column":null}}],"line":35},"3":{"loc":{"start":{"line":43,"column":1},"end":{"line":56,"column":null}},"type":"if","locations":[{"start":{"line":43,"column":1},"end":{"line":56,"column":null}},{"start":{},"end":{}}],"line":43}},"s":{"0":5,"1":10,"2":5,"3":3,"4":0,"5":3,"6":3,"7":5,"8":13,"9":13,"10":3,"11":3,"12":3,"13":3,"14":10},"f":{"0":10,"1":3,"2":13},"b":{"0":[0,3],"1":[3,3],"2":[3,0],"3":[3,10]},"meta":{"lastBranch":4,"lastFunction":3,"lastStatement":15,"seen":{"s:4:31:11:Infinity":0,"f:9:3:9:14":0,"s:9:24:9:43":1,"s:29:6:36:Infinity":2,"f:29:6:29:27":1,"b:30:1:32:Infinity:undefined:undefined:undefined:undefined":0,"s:30:1:32:Infinity":3,"b:30:5:30:15:30:15:30:42":1,"s:31:2:31:Infinity":4,"s:34:14:34:Infinity":5,"s:35:1:35:Infinity":6,"b:35:41:35:61:35:61:35:Infinity":2,"s:38:13:62:Infinity":7,"f:38:13:38:Infinity":2,"s:41:16:41:Infinity":8,"b:43:1:56:Infinity:undefined:undefined:undefined:undefined":3,"s:43:1:56:Infinity":9,"s:44:20:44:Infinity":10,"s:45:21:45:Infinity":11,"s:46:24:46:Infinity":12,"s:48:2:55:Infinity":13,"s:58:1:61:Infinity":14},"fnNames":{}}}
}
